2024-07-09T21:02:15.099Z [ERROR]: Cannot read properties of undefined (reading 'length')
TypeError: Cannot read properties of undefined (reading 'length')
    at D:\work\freelance\duvdu_backend\team-project\src\controllers\project\createProject.controller.ts:17:24
    at Generator.next (<anonymous>)
    at fulfilled (D:\work\freelance\duvdu_backend\team-project\src\controllers\project\createProject.controller.ts:5:58)
    at processTicksAndRejections (node:internal/process/task_queues:95:5)
2024-07-09T21:02:40.391Z [ERROR]: Cannot read properties of undefined (reading 'length')
TypeError: Cannot read properties of undefined (reading 'length')
    at D:\work\freelance\duvdu_backend\team-project\src\controllers\project\createProject.controller.ts:17:24
    at Generator.next (<anonymous>)
    at fulfilled (D:\work\freelance\duvdu_backend\team-project\src\controllers\project\createProject.controller.ts:5:58)
    at processTicksAndRejections (node:internal/process/task_queues:95:5)
2024-07-09T21:08:26.172Z [ERROR]: Cannot read properties of undefined (reading 'length')
TypeError: Cannot read properties of undefined (reading 'length')
    at D:\work\freelance\duvdu_backend\team-project\src\controllers\project\createProject.controller.ts:19:24
    at Generator.next (<anonymous>)
    at fulfilled (D:\work\freelance\duvdu_backend\team-project\src\controllers\project\createProject.controller.ts:5:58)
    at processTicksAndRejections (node:internal/process/task_queues:95:5)
2024-07-09T21:10:52.378Z [ERROR]: Cannot read properties of undefined (reading 'length')
TypeError: Cannot read properties of undefined (reading 'length')
    at D:\work\freelance\duvdu_backend\team-project\src\controllers\project\createProject.controller.ts:21:24
    at Generator.next (<anonymous>)
    at fulfilled (D:\work\freelance\duvdu_backend\team-project\src\controllers\project\createProject.controller.ts:5:58)
    at processTicksAndRejections (node:internal/process/task_queues:95:5)
2024-07-09T21:14:11.659Z [ERROR]: Cannot read properties of undefined (reading 'length')
TypeError: Cannot read properties of undefined (reading 'length')
    at D:\work\freelance\duvdu_backend\team-project\src\controllers\project\createProject.controller.ts:19:24
    at Generator.next (<anonymous>)
    at fulfilled (D:\work\freelance\duvdu_backend\team-project\src\controllers\project\createProject.controller.ts:5:58)
    at processTicksAndRejections (node:internal/process/task_queues:95:5)
2024-07-09T21:14:48.007Z [ERROR]: Cannot read properties of undefined (reading 'length')
TypeError: Cannot read properties of undefined (reading 'length')
    at D:\work\freelance\duvdu_backend\team-project\src\controllers\project\createProject.controller.ts:19:24
    at Generator.next (<anonymous>)
    at fulfilled (D:\work\freelance\duvdu_backend\team-project\src\controllers\project\createProject.controller.ts:5:58)
    at processTicksAndRejections (node:internal/process/task_queues:95:5)
2024-07-09T21:15:39.315Z [ERROR]: Cannot read properties of undefined (reading 'length')
TypeError: Cannot read properties of undefined (reading 'length')
    at D:\work\freelance\duvdu_backend\team-project\src\controllers\project\createProject.controller.ts:20:24
    at Generator.next (<anonymous>)
    at fulfilled (D:\work\freelance\duvdu_backend\team-project\src\controllers\project\createProject.controller.ts:5:58)
    at processTicksAndRejections (node:internal/process/task_queues:95:5)
2024-07-09T21:16:02.904Z [ERROR]: Cannot read properties of undefined (reading 'length')
TypeError: Cannot read properties of undefined (reading 'length')
    at D:\work\freelance\duvdu_backend\team-project\src\controllers\project\createProject.controller.ts:20:24
    at Generator.next (<anonymous>)
    at fulfilled (D:\work\freelance\duvdu_backend\team-project\src\controllers\project\createProject.controller.ts:5:58)
    at processTicksAndRejections (node:internal/process/task_queues:95:5)
2024-07-09T21:16:57.731Z [ERROR]: ENOENT: no such file or directory, open 'D:\work\freelance\duvdu_backend\team-project\media\team_project\4ac4618a-bd14-4289-a0d0-47ed81ecbb95.jpg'
Error: ENOENT: no such file or directory, open 'D:\work\freelance\duvdu_backend\team-project\media\team_project\4ac4618a-bd14-4289-a0d0-47ed81ecbb95.jpg'
2024-07-10T05:34:17.308Z [ERROR]: ENOENT: no such file or directory, open 'D:\work\freelance\duvdu_backend\team-project\media\team_project\fe3fe6e4-2c36-428f-8972-f1ede93d9131.jpg'
Error: ENOENT: no such file or directory, open 'D:\work\freelance\duvdu_backend\team-project\media\team_project\fe3fe6e4-2c36-428f-8972-f1ede93d9131.jpg'
2024-07-10T05:34:45.453Z [ERROR]: ENOENT: no such file or directory, unlink 'D:\work\freelance\duvdu_backend\team-project\media\media\team_project\51940a93-b3d2-4154-8621-060860b7e8a0.jpg'
Error: ENOENT: no such file or directory, unlink 'D:\work\freelance\duvdu_backend\team-project\media\media\team_project\51940a93-b3d2-4154-8621-060860b7e8a0.jpg'
    at Object.unlinkSync (node:fs:1868:18)
    at D:\work\freelance\duvdu_backend\team-project\node_modules\@duvdu-v1\duvdu\build\utils\file.js:18:26
    at Array.forEach (<anonymous>)
    at Object.removeFiles (D:\work\freelance\duvdu_backend\team-project\node_modules\@duvdu-v1\duvdu\build\utils\file.js:16:15)
    at D:\work\freelance\duvdu_backend\team-project\src\controllers\project\createProject.controller.ts:40:19
    at Generator.next (<anonymous>)
    at fulfilled (D:\work\freelance\duvdu_backend\team-project\src\controllers\project\createProject.controller.ts:5:58)
    at processTicksAndRejections (node:internal/process/task_queues:95:5)
2024-07-10T05:35:40.869Z [ERROR]: ENOENT: no such file or directory, unlink 'D:\work\freelance\duvdu_backend\team-project\media\media\team_project\6f8f2785-dcc9-43c3-bd32-e2381d38fe75.jpg'
Error: ENOENT: no such file or directory, unlink 'D:\work\freelance\duvdu_backend\team-project\media\media\team_project\6f8f2785-dcc9-43c3-bd32-e2381d38fe75.jpg'
    at Object.unlinkSync (node:fs:1868:18)
    at D:\work\freelance\duvdu_backend\team-project\node_modules\@duvdu-v1\duvdu\build\utils\file.js:18:26
    at Array.forEach (<anonymous>)
    at Object.removeFiles (D:\work\freelance\duvdu_backend\team-project\node_modules\@duvdu-v1\duvdu\build\utils\file.js:16:15)
    at D:\work\freelance\duvdu_backend\team-project\src\controllers\project\createProject.controller.ts:40:19
    at Generator.next (<anonymous>)
    at fulfilled (D:\work\freelance\duvdu_backend\team-project\src\controllers\project\createProject.controller.ts:5:58)
    at processTicksAndRejections (node:internal/process/task_queues:95:5)
2024-07-10T05:38:23.257Z [ERROR]: ENOENT: no such file or directory, open 'D:\work\freelance\duvdu_backend\team-project\media\team_project\2a1184e9-9bd7-4c23-be50-57eee1b33685.jpg'
Error: ENOENT: no such file or directory, open 'D:\work\freelance\duvdu_backend\team-project\media\team_project\2a1184e9-9bd7-4c23-be50-57eee1b33685.jpg'
2024-07-10T05:38:58.291Z [ERROR]: ENOENT: no such file or directory, open 'D:\work\freelance\duvdu_backend\team-project\media\team_project\df3be705-3a74-42df-bdab-f0362ccb131d.jpg'
Error: ENOENT: no such file or directory, open 'D:\work\freelance\duvdu_backend\team-project\media\team_project\df3be705-3a74-42df-bdab-f0362ccb131d.jpg'
2024-07-10T05:39:34.620Z [ERROR]: ENOENT: no such file or directory, unlink 'D:\work\freelance\duvdu_backend\team-project\media\media\team_project\c5bc8d07-8ed5-4db7-a2dd-54015d6af474.jpg'
Error: ENOENT: no such file or directory, unlink 'D:\work\freelance\duvdu_backend\team-project\media\media\team_project\c5bc8d07-8ed5-4db7-a2dd-54015d6af474.jpg'
    at Object.unlinkSync (node:fs:1868:18)
    at D:\work\freelance\duvdu_backend\team-project\node_modules\@duvdu-v1\duvdu\build\utils\file.js:18:26
    at Array.forEach (<anonymous>)
    at Object.removeFiles (D:\work\freelance\duvdu_backend\team-project\node_modules\@duvdu-v1\duvdu\build\utils\file.js:16:15)
    at D:\work\freelance\duvdu_backend\team-project\src\controllers\project\createProject.controller.ts:48:13
    at Array.map (<anonymous>)
    at D:\work\freelance\duvdu_backend\team-project\src\controllers\project\createProject.controller.ts:47:21
    at Array.map (<anonymous>)
    at D:\work\freelance\duvdu_backend\team-project\src\controllers\project\createProject.controller.ts:46:22
    at Generator.next (<anonymous>)
2024-07-10T05:40:35.690Z [ERROR]: ENOENT: no such file or directory, unlink 'D:\work\freelance\duvdu_backend\team-project\media\media\team_project\812561f3-9864-48ac-86ac-0d082b8ffcb9.jpg'
Error: ENOENT: no such file or directory, unlink 'D:\work\freelance\duvdu_backend\team-project\media\media\team_project\812561f3-9864-48ac-86ac-0d082b8ffcb9.jpg'
    at Object.unlinkSync (node:fs:1868:18)
    at D:\work\freelance\duvdu_backend\team-project\node_modules\@duvdu-v1\duvdu\build\utils\file.js:18:26
    at Array.forEach (<anonymous>)
    at Object.removeFiles (D:\work\freelance\duvdu_backend\team-project\node_modules\@duvdu-v1\duvdu\build\utils\file.js:16:15)
    at D:\work\freelance\duvdu_backend\team-project\src\controllers\project\createProject.controller.ts:49:13
    at Array.map (<anonymous>)
    at D:\work\freelance\duvdu_backend\team-project\src\controllers\project\createProject.controller.ts:48:21
    at Array.map (<anonymous>)
    at D:\work\freelance\duvdu_backend\team-project\src\controllers\project\createProject.controller.ts:47:22
    at Generator.next (<anonymous>)
2024-07-10T05:45:06.697Z [ERROR]: validation error
Error: validation error
    at globalValidatorMiddleware (D:\work\freelance\duvdu_backend\team-project\node_modules\@duvdu-v1\duvdu\build\middlewares\global-validator.middleware.js:32:21)
    at newFn (D:\work\freelance\duvdu_backend\team-project\node_modules\express-async-errors\index.js:16:20)
    at Layer.handle [as handle_request] (D:\work\freelance\duvdu_backend\team-project\node_modules\express\lib\router\layer.js:95:5)
    at next (D:\work\freelance\duvdu_backend\team-project\node_modules\express\lib\router\route.js:149:13)
    at middleware (D:\work\freelance\duvdu_backend\team-project\node_modules\express-validator\src\middlewares\check.js:16:13)
    at processTicksAndRejections (node:internal/process/task_queues:95:5)
2024-07-10T05:45:16.978Z [ERROR]: validation error
Error: validation error
    at globalValidatorMiddleware (D:\work\freelance\duvdu_backend\team-project\node_modules\@duvdu-v1\duvdu\build\middlewares\global-validator.middleware.js:32:21)
    at newFn (D:\work\freelance\duvdu_backend\team-project\node_modules\express-async-errors\index.js:16:20)
    at Layer.handle [as handle_request] (D:\work\freelance\duvdu_backend\team-project\node_modules\express\lib\router\layer.js:95:5)
    at next (D:\work\freelance\duvdu_backend\team-project\node_modules\express\lib\router\route.js:149:13)
    at middleware (D:\work\freelance\duvdu_backend\team-project\node_modules\express-validator\src\middlewares\check.js:16:13)
    at processTicksAndRejections (node:internal/process/task_queues:95:5)
2024-07-10T05:46:07.541Z [ERROR]: validation error
Error: validation error
    at globalValidatorMiddleware (D:\work\freelance\duvdu_backend\team-project\node_modules\@duvdu-v1\duvdu\build\middlewares\global-validator.middleware.js:32:21)
    at newFn (D:\work\freelance\duvdu_backend\team-project\node_modules\express-async-errors\index.js:16:20)
    at Layer.handle [as handle_request] (D:\work\freelance\duvdu_backend\team-project\node_modules\express\lib\router\layer.js:95:5)
    at next (D:\work\freelance\duvdu_backend\team-project\node_modules\express\lib\router\route.js:149:13)
    at middleware (D:\work\freelance\duvdu_backend\team-project\node_modules\express-validator\src\middlewares\check.js:16:13)
    at processTicksAndRejections (node:internal/process/task_queues:95:5)
2024-07-10T05:47:52.568Z [ERROR]: cover is required
Error: cover is required
    at D:\work\freelance\duvdu_backend\team-project\node_modules\@duvdu-v1\duvdu\build\middlewares\check-required-files.middleware.js:20:29
    at newFn (D:\work\freelance\duvdu_backend\team-project\node_modules\express-async-errors\index.js:16:20)
    at Layer.handle [as handle_request] (D:\work\freelance\duvdu_backend\team-project\node_modules\express\lib\router\layer.js:95:5)
    at next (D:\work\freelance\duvdu_backend\team-project\node_modules\express\lib\router\route.js:149:13)
    at done (D:\work\freelance\duvdu_backend\team-project\node_modules\multer\lib\make-middleware.js:45:7)
    at indicateDone (D:\work\freelance\duvdu_backend\team-project\node_modules\multer\lib\make-middleware.js:49:68)
    at D:\work\freelance\duvdu_backend\team-project\node_modules\multer\lib\make-middleware.js:155:11
    at WriteStream.<anonymous> (D:\work\freelance\duvdu_backend\team-project\node_modules\multer\storage\disk.js:43:9)
    at WriteStream.emit (node:events:526:35)
    at WriteStream.emit (node:domain:488:12)
2024-07-10T06:11:00.323Z [ERROR]: cover is required
Error: cover is required
    at D:\work\freelance\duvdu_backend\team-project\node_modules\@duvdu-v1\duvdu\build\middlewares\check-required-files.middleware.js:20:29
    at newFn (D:\work\freelance\duvdu_backend\team-project\node_modules\express-async-errors\index.js:16:20)
    at Layer.handle [as handle_request] (D:\work\freelance\duvdu_backend\team-project\node_modules\express\lib\router\layer.js:95:5)
    at next (D:\work\freelance\duvdu_backend\team-project\node_modules\express\lib\router\route.js:149:13)
    at done (D:\work\freelance\duvdu_backend\team-project\node_modules\multer\lib\make-middleware.js:45:7)
    at indicateDone (D:\work\freelance\duvdu_backend\team-project\node_modules\multer\lib\make-middleware.js:49:68)
    at D:\work\freelance\duvdu_backend\team-project\node_modules\multer\lib\make-middleware.js:155:11
    at WriteStream.<anonymous> (D:\work\freelance\duvdu_backend\team-project\node_modules\multer\storage\disk.js:43:9)
    at WriteStream.emit (node:events:526:35)
    at WriteStream.emit (node:domain:488:12)
2024-07-10T06:12:21.922Z [ERROR]: validation error
Error: validation error
    at globalValidatorMiddleware (D:\work\freelance\duvdu_backend\team-project\node_modules\@duvdu-v1\duvdu\build\middlewares\global-validator.middleware.js:32:21)
    at newFn (D:\work\freelance\duvdu_backend\team-project\node_modules\express-async-errors\index.js:16:20)
    at Layer.handle [as handle_request] (D:\work\freelance\duvdu_backend\team-project\node_modules\express\lib\router\layer.js:95:5)
    at next (D:\work\freelance\duvdu_backend\team-project\node_modules\express\lib\router\route.js:149:13)
    at middleware (D:\work\freelance\duvdu_backend\team-project\node_modules\express-validator\src\middlewares\check.js:16:13)
    at processTicksAndRejections (node:internal/process/task_queues:95:5)
2024-07-10T06:18:27.622Z [ERROR]: validation error
Error: validation error
    at globalValidatorMiddleware (D:\work\freelance\duvdu_backend\team-project\node_modules\@duvdu-v1\duvdu\build\middlewares\global-validator.middleware.js:32:21)
    at newFn (D:\work\freelance\duvdu_backend\team-project\node_modules\express-async-errors\index.js:16:20)
    at Layer.handle [as handle_request] (D:\work\freelance\duvdu_backend\team-project\node_modules\express\lib\router\layer.js:95:5)
    at next (D:\work\freelance\duvdu_backend\team-project\node_modules\express\lib\router\route.js:149:13)
    at middleware (D:\work\freelance\duvdu_backend\team-project\node_modules\express-validator\src\middlewares\check.js:16:13)
    at processTicksAndRejections (node:internal/process/task_queues:95:5)
2024-07-10T06:18:54.002Z [ERROR]: validation error
Error: validation error
    at globalValidatorMiddleware (D:\work\freelance\duvdu_backend\team-project\node_modules\@duvdu-v1\duvdu\build\middlewares\global-validator.middleware.js:32:21)
    at newFn (D:\work\freelance\duvdu_backend\team-project\node_modules\express-async-errors\index.js:16:20)
    at Layer.handle [as handle_request] (D:\work\freelance\duvdu_backend\team-project\node_modules\express\lib\router\layer.js:95:5)
    at next (D:\work\freelance\duvdu_backend\team-project\node_modules\express\lib\router\route.js:149:13)
    at middleware (D:\work\freelance\duvdu_backend\team-project\node_modules\express-validator\src\middlewares\check.js:16:13)
    at processTicksAndRejections (node:internal/process/task_queues:95:5)
2024-07-10T06:40:48.774Z [ERROR]: validation error
Error: validation error
    at globalValidatorMiddleware (D:\work\freelance\duvdu_backend\team-project\node_modules\@duvdu-v1\duvdu\build\middlewares\global-validator.middleware.js:32:21)
    at newFn (D:\work\freelance\duvdu_backend\team-project\node_modules\express-async-errors\index.js:16:20)
    at Layer.handle [as handle_request] (D:\work\freelance\duvdu_backend\team-project\node_modules\express\lib\router\layer.js:95:5)
    at next (D:\work\freelance\duvdu_backend\team-project\node_modules\express\lib\router\route.js:149:13)
    at middleware (D:\work\freelance\duvdu_backend\team-project\node_modules\express-validator\src\middlewares\check.js:16:13)
    at processTicksAndRejections (node:internal/process/task_queues:95:5)
2024-07-10T06:41:58.144Z [ERROR]: validation error
Error: validation error
    at globalValidatorMiddleware (D:\work\freelance\duvdu_backend\team-project\node_modules\@duvdu-v1\duvdu\build\middlewares\global-validator.middleware.js:32:21)
    at newFn (D:\work\freelance\duvdu_backend\team-project\node_modules\express-async-errors\index.js:16:20)
    at Layer.handle [as handle_request] (D:\work\freelance\duvdu_backend\team-project\node_modules\express\lib\router\layer.js:95:5)
    at next (D:\work\freelance\duvdu_backend\team-project\node_modules\express\lib\router\route.js:149:13)
    at middleware (D:\work\freelance\duvdu_backend\team-project\node_modules\express-validator\src\middlewares\check.js:16:13)
    at processTicksAndRejections (node:internal/process/task_queues:95:5)
2024-07-10T06:46:24.755Z [ERROR]: validation error
Error: validation error
    at globalValidatorMiddleware (D:\work\freelance\duvdu_backend\team-project\node_modules\@duvdu-v1\duvdu\build\middlewares\global-validator.middleware.js:32:21)
    at newFn (D:\work\freelance\duvdu_backend\team-project\node_modules\express-async-errors\index.js:16:20)
    at Layer.handle [as handle_request] (D:\work\freelance\duvdu_backend\team-project\node_modules\express\lib\router\layer.js:95:5)
    at next (D:\work\freelance\duvdu_backend\team-project\node_modules\express\lib\router\route.js:149:13)
    at middleware (D:\work\freelance\duvdu_backend\team-project\node_modules\express-validator\src\middlewares\check.js:16:13)
    at processTicksAndRejections (node:internal/process/task_queues:95:5)
2024-07-10T06:47:02.856Z [ERROR]: validation error
Error: validation error
    at globalValidatorMiddleware (D:\work\freelance\duvdu_backend\team-project\node_modules\@duvdu-v1\duvdu\build\middlewares\global-validator.middleware.js:32:21)
    at newFn (D:\work\freelance\duvdu_backend\team-project\node_modules\express-async-errors\index.js:16:20)
    at Layer.handle [as handle_request] (D:\work\freelance\duvdu_backend\team-project\node_modules\express\lib\router\layer.js:95:5)
    at next (D:\work\freelance\duvdu_backend\team-project\node_modules\express\lib\router\route.js:149:13)
    at middleware (D:\work\freelance\duvdu_backend\team-project\node_modules\express-validator\src\middlewares\check.js:16:13)
    at processTicksAndRejections (node:internal/process/task_queues:95:5)
2024-07-10T06:47:18.510Z [ERROR]: validation error
Error: validation error
    at globalValidatorMiddleware (D:\work\freelance\duvdu_backend\team-project\node_modules\@duvdu-v1\duvdu\build\middlewares\global-validator.middleware.js:32:21)
    at newFn (D:\work\freelance\duvdu_backend\team-project\node_modules\express-async-errors\index.js:16:20)
    at Layer.handle [as handle_request] (D:\work\freelance\duvdu_backend\team-project\node_modules\express\lib\router\layer.js:95:5)
    at next (D:\work\freelance\duvdu_backend\team-project\node_modules\express\lib\router\route.js:149:13)
    at middleware (D:\work\freelance\duvdu_backend\team-project\node_modules\express-validator\src\middlewares\check.js:16:13)
    at processTicksAndRejections (node:internal/process/task_queues:95:5)
2024-07-10T06:48:25.692Z [ERROR]: cover is required
Error: cover is required
    at D:\work\freelance\duvdu_backend\team-project\node_modules\@duvdu-v1\duvdu\build\middlewares\check-required-files.middleware.js:20:29
    at newFn (D:\work\freelance\duvdu_backend\team-project\node_modules\express-async-errors\index.js:16:20)
    at Layer.handle [as handle_request] (D:\work\freelance\duvdu_backend\team-project\node_modules\express\lib\router\layer.js:95:5)
    at next (D:\work\freelance\duvdu_backend\team-project\node_modules\express\lib\router\route.js:149:13)
    at globalValidatorMiddleware (D:\work\freelance\duvdu_backend\team-project\node_modules\@duvdu-v1\duvdu\build\middlewares\global-validator.middleware.js:37:5)
    at newFn (D:\work\freelance\duvdu_backend\team-project\node_modules\express-async-errors\index.js:16:20)
    at Layer.handle [as handle_request] (D:\work\freelance\duvdu_backend\team-project\node_modules\express\lib\router\layer.js:95:5)
    at next (D:\work\freelance\duvdu_backend\team-project\node_modules\express\lib\router\route.js:149:13)
    at middleware (D:\work\freelance\duvdu_backend\team-project\node_modules\express-validator\src\middlewares\check.js:16:13)
    at processTicksAndRejections (node:internal/process/task_queues:95:5)
2024-07-10T06:53:27.369Z [ERROR]: user.startDate.getDate is not a function
TypeError: user.startDate.getDate is not a function
    at D:\work\freelance\duvdu_backend\team-project\src\controllers\project\createProject.controller.ts:48:70
    at Array.map (<anonymous>)
    at D:\work\freelance\duvdu_backend\team-project\src\controllers\project\createProject.controller.ts:47:21
    at Array.map (<anonymous>)
    at D:\work\freelance\duvdu_backend\team-project\src\controllers\project\createProject.controller.ts:46:22
    at Generator.next (<anonymous>)
    at fulfilled (D:\work\freelance\duvdu_backend\team-project\src\controllers\project\createProject.controller.ts:5:58)
    at processTicksAndRejections (node:internal/process/task_queues:95:5)
2024-07-10T06:54:14.359Z [ERROR]: user.startDate.getDate is not a function
TypeError: user.startDate.getDate is not a function
    at D:\work\freelance\duvdu_backend\team-project\src\controllers\project\createProject.controller.ts:48:70
    at Array.forEach (<anonymous>)
    at D:\work\freelance\duvdu_backend\team-project\src\controllers\project\createProject.controller.ts:47:21
    at Array.forEach (<anonymous>)
    at D:\work\freelance\duvdu_backend\team-project\src\controllers\project\createProject.controller.ts:46:22
    at Generator.next (<anonymous>)
    at fulfilled (D:\work\freelance\duvdu_backend\team-project\src\controllers\project\createProject.controller.ts:5:58)
    at processTicksAndRejections (node:internal/process/task_queues:95:5)
2024-07-10T06:55:02.621Z [ERROR]: user.startDate.getDate is not a function
TypeError: user.startDate.getDate is not a function
    at D:\work\freelance\duvdu_backend\team-project\src\controllers\project\createProject.controller.ts:48:70
    at Array.forEach (<anonymous>)
    at D:\work\freelance\duvdu_backend\team-project\src\controllers\project\createProject.controller.ts:47:21
    at Array.forEach (<anonymous>)
    at D:\work\freelance\duvdu_backend\team-project\src\controllers\project\createProject.controller.ts:46:22
    at Generator.next (<anonymous>)
    at fulfilled (D:\work\freelance\duvdu_backend\team-project\src\controllers\project\createProject.controller.ts:5:58)
    at processTicksAndRejections (node:internal/process/task_queues:95:5)
2024-07-10T07:40:01.901Z [ERROR]: validation error
Error: validation error
    at globalValidatorMiddleware (D:\work\freelance\duvdu_backend\team-project\node_modules\@duvdu-v1\duvdu\build\middlewares\global-validator.middleware.js:32:21)
    at newFn (D:\work\freelance\duvdu_backend\team-project\node_modules\express-async-errors\index.js:16:20)
    at Layer.handle [as handle_request] (D:\work\freelance\duvdu_backend\team-project\node_modules\express\lib\router\layer.js:95:5)
    at next (D:\work\freelance\duvdu_backend\team-project\node_modules\express\lib\router\route.js:149:13)
    at middleware (D:\work\freelance\duvdu_backend\team-project\node_modules\express-validator\src\middlewares\check.js:16:13)
    at processTicksAndRejections (node:internal/process/task_queues:95:5)
2024-07-10T07:40:07.533Z [ERROR]: validation error
Error: validation error
    at globalValidatorMiddleware (D:\work\freelance\duvdu_backend\team-project\node_modules\@duvdu-v1\duvdu\build\middlewares\global-validator.middleware.js:32:21)
    at newFn (D:\work\freelance\duvdu_backend\team-project\node_modules\express-async-errors\index.js:16:20)
    at Layer.handle [as handle_request] (D:\work\freelance\duvdu_backend\team-project\node_modules\express\lib\router\layer.js:95:5)
    at next (D:\work\freelance\duvdu_backend\team-project\node_modules\express\lib\router\route.js:149:13)
    at middleware (D:\work\freelance\duvdu_backend\team-project\node_modules\express-validator\src\middlewares\check.js:16:13)
    at processTicksAndRejections (node:internal/process/task_queues:95:5)
