2024-07-09T19:15:53.885Z [ERROR]: req.body.creatives is not iterable
TypeError: req.body.creatives is not iterable
    at D:\work\freelance\duvdu_backend\team-project\src\controllers\project\createProject.controller.ts:13:35
    at Generator.next (<anonymous>)
    at D:\work\freelance\duvdu_backend\team-project\src\controllers\project\createProject.controller.ts:8:71
    at new Promise (<anonymous>)
    at __awaiter (D:\work\freelance\duvdu_backend\team-project\src\controllers\project\createProject.controller.ts:4:12)
    at createProjectHandler (D:\work\freelance\duvdu_backend\team-project\src\controllers\project\createProject.controller.ts:9:80)
    at newFn (D:\work\freelance\duvdu_backend\team-project\node_modules\express-async-errors\index.js:16:20)
    at Layer.handle [as handle_request] (D:\work\freelance\duvdu_backend\team-project\node_modules\express\lib\router\layer.js:95:5)
    at next (D:\work\freelance\duvdu_backend\team-project\node_modules\express\lib\router\route.js:149:13)
    at done (D:\work\freelance\duvdu_backend\team-project\node_modules\multer\lib\make-middleware.js:45:7)
2024-07-09T19:18:58.477Z [ERROR]: Cannot read properties of undefined (reading 'length')
TypeError: Cannot read properties of undefined (reading 'length')
    at D:\work\freelance\duvdu_backend\team-project\src\controllers\project\createProject.controller.ts:16:24
    at Generator.next (<anonymous>)
    at fulfilled (D:\work\freelance\duvdu_backend\team-project\src\controllers\project\createProject.controller.ts:5:58)
    at processTicksAndRejections (node:internal/process/task_queues:95:5)
2024-07-09T19:19:53.632Z [ERROR]: Cannot read properties of undefined (reading 'length')
TypeError: Cannot read properties of undefined (reading 'length')
    at D:\work\freelance\duvdu_backend\team-project\src\controllers\project\createProject.controller.ts:17:24
    at Generator.next (<anonymous>)
    at fulfilled (D:\work\freelance\duvdu_backend\team-project\src\controllers\project\createProject.controller.ts:5:58)
    at processTicksAndRejections (node:internal/process/task_queues:95:5)
2024-07-09T19:20:36.300Z [ERROR]: Cannot read properties of undefined (reading 'length')
TypeError: Cannot read properties of undefined (reading 'length')
    at D:\work\freelance\duvdu_backend\team-project\src\controllers\project\createProject.controller.ts:17:24
    at Generator.next (<anonymous>)
    at fulfilled (D:\work\freelance\duvdu_backend\team-project\src\controllers\project\createProject.controller.ts:5:58)
    at processTicksAndRejections (node:internal/process/task_queues:95:5)
2024-07-09T19:22:09.584Z [ERROR]: Cannot read properties of undefined (reading 'length')
TypeError: Cannot read properties of undefined (reading 'length')
    at D:\work\freelance\duvdu_backend\team-project\src\controllers\project\createProject.controller.ts:17:24
    at Generator.next (<anonymous>)
    at fulfilled (D:\work\freelance\duvdu_backend\team-project\src\controllers\project\createProject.controller.ts:5:58)
    at processTicksAndRejections (node:internal/process/task_queues:95:5)
2024-07-09T19:22:39.002Z [ERROR]: Cannot read properties of undefined (reading 'length')
TypeError: Cannot read properties of undefined (reading 'length')
    at D:\work\freelance\duvdu_backend\team-project\src\controllers\project\createProject.controller.ts:17:24
    at Generator.next (<anonymous>)
    at fulfilled (D:\work\freelance\duvdu_backend\team-project\src\controllers\project\createProject.controller.ts:5:58)
    at processTicksAndRejections (node:internal/process/task_queues:95:5)
2024-07-09T19:23:22.532Z [ERROR]: Cannot read properties of undefined (reading 'length')
TypeError: Cannot read properties of undefined (reading 'length')
    at D:\work\freelance\duvdu_backend\team-project\src\controllers\project\createProject.controller.ts:17:24
    at Generator.next (<anonymous>)
    at fulfilled (D:\work\freelance\duvdu_backend\team-project\src\controllers\project\createProject.controller.ts:5:58)
    at processTicksAndRejections (node:internal/process/task_queues:95:5)
2024-07-09T19:24:28.276Z [ERROR]: Cannot read properties of undefined (reading 'length')
TypeError: Cannot read properties of undefined (reading 'length')
    at D:\work\freelance\duvdu_backend\team-project\src\controllers\project\createProject.controller.ts:17:24
    at Generator.next (<anonymous>)
    at fulfilled (D:\work\freelance\duvdu_backend\team-project\src\controllers\project\createProject.controller.ts:5:58)
    at processTicksAndRejections (node:internal/process/task_queues:95:5)
2024-07-09T19:26:29.127Z [ERROR]: Cannot read properties of undefined (reading 'length')
TypeError: Cannot read properties of undefined (reading 'length')
    at D:\work\freelance\duvdu_backend\team-project\src\controllers\project\createProject.controller.ts:17:24
    at Generator.next (<anonymous>)
    at fulfilled (D:\work\freelance\duvdu_backend\team-project\src\controllers\project\createProject.controller.ts:5:58)
    at processTicksAndRejections (node:internal/process/task_queues:95:5)
2024-07-09T19:29:34.617Z [ERROR]: Cannot read properties of undefined (reading 'length')
TypeError: Cannot read properties of undefined (reading 'length')
    at D:\work\freelance\duvdu_backend\team-project\src\controllers\project\createProject.controller.ts:17:24
    at Generator.next (<anonymous>)
    at fulfilled (D:\work\freelance\duvdu_backend\team-project\src\controllers\project\createProject.controller.ts:5:58)
    at processTicksAndRejections (node:internal/process/task_queues:95:5)
2024-07-09T19:32:40.934Z [ERROR]: Cannot read properties of undefined (reading 'length')
TypeError: Cannot read properties of undefined (reading 'length')
    at D:\work\freelance\duvdu_backend\team-project\src\controllers\project\createProject.controller.ts:17:24
    at Generator.next (<anonymous>)
    at fulfilled (D:\work\freelance\duvdu_backend\team-project\src\controllers\project\createProject.controller.ts:5:58)
    at processTicksAndRejections (node:internal/process/task_queues:95:5)
2024-07-09T19:38:51.482Z [ERROR]: Cannot read properties of undefined (reading 'length')
TypeError: Cannot read properties of undefined (reading 'length')
    at D:\work\freelance\duvdu_backend\team-project\src\controllers\project\createProject.controller.ts:16:24
    at Generator.next (<anonymous>)
    at fulfilled (D:\work\freelance\duvdu_backend\team-project\src\controllers\project\createProject.controller.ts:5:58)
    at processTicksAndRejections (node:internal/process/task_queues:95:5)
2024-07-09T19:44:16.985Z [ERROR]: المستخدمين غير الصالحين
Error: المستخدمين غير الصالحين
    at D:\work\freelance\duvdu_backend\team-project\src\controllers\project\createProject.controller.ts:19:23
    at Generator.next (<anonymous>)
    at fulfilled (D:\work\freelance\duvdu_backend\team-project\src\controllers\project\createProject.controller.ts:5:58)
    at processTicksAndRejections (node:internal/process/task_queues:95:5)
2024-07-09T19:58:13.444Z [ERROR]: المستخدمين غير الصالحين
Error: المستخدمين غير الصالحين
    at D:\work\freelance\duvdu_backend\team-project\src\controllers\project\createProject.controller.ts:19:23
    at Generator.next (<anonymous>)
    at fulfilled (D:\work\freelance\duvdu_backend\team-project\src\controllers\project\createProject.controller.ts:5:58)
    at processTicksAndRejections (node:internal/process/task_queues:95:5)
2024-07-09T19:59:07.004Z [ERROR]: Cannot read properties of undefined (reading 'length')
TypeError: Cannot read properties of undefined (reading 'length')
    at D:\work\freelance\duvdu_backend\team-project\src\controllers\project\createProject.controller.ts:16:24
    at Generator.next (<anonymous>)
    at fulfilled (D:\work\freelance\duvdu_backend\team-project\src\controllers\project\createProject.controller.ts:5:58)
    at processTicksAndRejections (node:internal/process/task_queues:95:5)
2024-07-09T19:59:47.032Z [ERROR]: Cannot read properties of undefined (reading 'length')
TypeError: Cannot read properties of undefined (reading 'length')
    at D:\work\freelance\duvdu_backend\team-project\src\controllers\project\createProject.controller.ts:17:24
    at Generator.next (<anonymous>)
    at fulfilled (D:\work\freelance\duvdu_backend\team-project\src\controllers\project\createProject.controller.ts:5:58)
    at processTicksAndRejections (node:internal/process/task_queues:95:5)
2024-07-09T20:02:54.279Z [ERROR]: Cannot read properties of undefined (reading 'length')
TypeError: Cannot read properties of undefined (reading 'length')
    at D:\work\freelance\duvdu_backend\team-project\src\controllers\project\createProject.controller.ts:17:24
    at Generator.next (<anonymous>)
    at fulfilled (D:\work\freelance\duvdu_backend\team-project\src\controllers\project\createProject.controller.ts:5:58)
    at processTicksAndRejections (node:internal/process/task_queues:95:5)
2024-07-09T20:05:02.987Z [ERROR]: Unexpected field
MulterError: Unexpected field
    at wrappedFileFilter (D:\work\freelance\duvdu_backend\team-project\node_modules\multer\index.js:40:19)
    at Multipart.<anonymous> (D:\work\freelance\duvdu_backend\team-project\node_modules\multer\lib\make-middleware.js:107:7)
    at Multipart.emit (node:events:514:28)
    at Multipart.emit (node:domain:488:12)
    at HeaderParser.cb (D:\work\freelance\duvdu_backend\team-project\node_modules\busboy\lib\types\multipart.js:358:14)
    at HeaderParser.push (D:\work\freelance\duvdu_backend\team-project\node_modules\busboy\lib\types\multipart.js:162:20)
    at SBMH.ssCb [as _cb] (D:\work\freelance\duvdu_backend\team-project\node_modules\busboy\lib\types\multipart.js:394:37)
    at feed (D:\work\freelance\duvdu_backend\team-project\node_modules\streamsearch\lib\sbmh.js:219:14)
    at SBMH.push (D:\work\freelance\duvdu_backend\team-project\node_modules\streamsearch\lib\sbmh.js:104:16)
    at Multipart._write (D:\work\freelance\duvdu_backend\team-project\node_modules\busboy\lib\types\multipart.js:567:19)
2024-07-09T20:06:15.954Z [ERROR]: Cannot read properties of undefined (reading 'length')
TypeError: Cannot read properties of undefined (reading 'length')
    at D:\work\freelance\duvdu_backend\team-project\src\controllers\project\createProject.controller.ts:17:24
    at Generator.next (<anonymous>)
    at fulfilled (D:\work\freelance\duvdu_backend\team-project\src\controllers\project\createProject.controller.ts:5:58)
    at processTicksAndRejections (node:internal/process/task_queues:95:5)
2024-07-09T20:09:19.539Z [ERROR]: Cannot read properties of undefined (reading 'length')
TypeError: Cannot read properties of undefined (reading 'length')
    at D:\work\freelance\duvdu_backend\team-project\src\controllers\project\createProject.controller.ts:17:24
    at Generator.next (<anonymous>)
    at fulfilled (D:\work\freelance\duvdu_backend\team-project\src\controllers\project\createProject.controller.ts:5:58)
    at processTicksAndRejections (node:internal/process/task_queues:95:5)
2024-07-09T20:11:59.939Z [ERROR]: Cannot read properties of undefined (reading 'length')
TypeError: Cannot read properties of undefined (reading 'length')
    at D:\work\freelance\duvdu_backend\team-project\src\controllers\project\createProject.controller.ts:17:24
    at Generator.next (<anonymous>)
    at fulfilled (D:\work\freelance\duvdu_backend\team-project\src\controllers\project\createProject.controller.ts:5:58)
    at processTicksAndRejections (node:internal/process/task_queues:95:5)
2024-07-09T20:14:06.442Z [ERROR]: Cannot read properties of undefined (reading 'length')
TypeError: Cannot read properties of undefined (reading 'length')
    at D:\work\freelance\duvdu_backend\team-project\src\controllers\project\createProject.controller.ts:17:24
    at Generator.next (<anonymous>)
    at fulfilled (D:\work\freelance\duvdu_backend\team-project\src\controllers\project\createProject.controller.ts:5:58)
    at processTicksAndRejections (node:internal/process/task_queues:95:5)
2024-07-09T20:20:21.846Z [ERROR]: Cannot read properties of undefined (reading 'length')
TypeError: Cannot read properties of undefined (reading 'length')
    at D:\work\freelance\duvdu_backend\team-project\src\controllers\project\createProject.controller.ts:17:24
    at Generator.next (<anonymous>)
    at fulfilled (D:\work\freelance\duvdu_backend\team-project\src\controllers\project\createProject.controller.ts:5:58)
    at processTicksAndRejections (node:internal/process/task_queues:95:5)
2024-07-09T20:20:57.047Z [ERROR]: Cannot read properties of undefined (reading 'length')
TypeError: Cannot read properties of undefined (reading 'length')
    at D:\work\freelance\duvdu_backend\team-project\src\controllers\project\createProject.controller.ts:17:24
    at Generator.next (<anonymous>)
    at fulfilled (D:\work\freelance\duvdu_backend\team-project\src\controllers\project\createProject.controller.ts:5:58)
    at processTicksAndRejections (node:internal/process/task_queues:95:5)
2024-07-09T20:21:31.242Z [ERROR]: Cannot read properties of undefined (reading 'length')
TypeError: Cannot read properties of undefined (reading 'length')
    at D:\work\freelance\duvdu_backend\team-project\src\controllers\project\createProject.controller.ts:17:24
    at Generator.next (<anonymous>)
    at fulfilled (D:\work\freelance\duvdu_backend\team-project\src\controllers\project\createProject.controller.ts:5:58)
    at processTicksAndRejections (node:internal/process/task_queues:95:5)
2024-07-09T20:23:08.711Z [ERROR]: Cannot read properties of undefined (reading 'length')
TypeError: Cannot read properties of undefined (reading 'length')
    at D:\work\freelance\duvdu_backend\team-project\src\controllers\project\createProject.controller.ts:17:24
    at Generator.next (<anonymous>)
    at fulfilled (D:\work\freelance\duvdu_backend\team-project\src\controllers\project\createProject.controller.ts:5:58)
    at processTicksAndRejections (node:internal/process/task_queues:95:5)
2024-07-09T20:32:00.716Z [ERROR]: Cannot read properties of undefined (reading 'length')
TypeError: Cannot read properties of undefined (reading 'length')
    at D:\work\freelance\duvdu_backend\team-project\src\controllers\project\createProject.controller.ts:17:24
    at Generator.next (<anonymous>)
    at fulfilled (D:\work\freelance\duvdu_backend\team-project\src\controllers\project\createProject.controller.ts:5:58)
    at processTicksAndRejections (node:internal/process/task_queues:95:5)
2024-07-09T20:32:13.351Z [ERROR]: Cannot read properties of undefined (reading 'length')
TypeError: Cannot read properties of undefined (reading 'length')
    at D:\work\freelance\duvdu_backend\team-project\src\controllers\project\createProject.controller.ts:17:24
    at Generator.next (<anonymous>)
    at fulfilled (D:\work\freelance\duvdu_backend\team-project\src\controllers\project\createProject.controller.ts:5:58)
    at processTicksAndRejections (node:internal/process/task_queues:95:5)
2024-07-09T20:37:10.711Z [ERROR]: Cannot read properties of undefined (reading 'length')
TypeError: Cannot read properties of undefined (reading 'length')
    at D:\work\freelance\duvdu_backend\team-project\src\controllers\project\createProject.controller.ts:17:24
    at Generator.next (<anonymous>)
    at fulfilled (D:\work\freelance\duvdu_backend\team-project\src\controllers\project\createProject.controller.ts:5:58)
    at processTicksAndRejections (node:internal/process/task_queues:95:5)
2024-07-09T20:52:14.588Z [ERROR]: Cannot convert object to primitive value
TypeError: Cannot convert object to primitive value
    at isNaN (<anonymous>)
    at StandardValidation.toString [as stringify] (D:\work\freelance\duvdu_backend\team-project\node_modules\express-validator\src\utils.js:25:32)
    at D:\work\freelance\duvdu_backend\team-project\node_modules\express-validator\src\context-items\standard-validation.js:18:48
    at Array.forEach (<anonymous>)
    at StandardValidation.run (D:\work\freelance\duvdu_backend\team-project\node_modules\express-validator\src\context-items\standard-validation.js:17:16)
    at D:\work\freelance\duvdu_backend\team-project\node_modules\express-validator\src\chain\context-runner-impl.js:41:39
    at Array.map (<anonymous>)
    at ContextRunnerImpl.run (D:\work\freelance\duvdu_backend\team-project\node_modules\express-validator\src\chain\context-runner-impl.js:34:70)
    at processTicksAndRejections (node:internal/process/task_queues:95:5)
    at async middleware (D:\work\freelance\duvdu_backend\team-project\node_modules\express-validator\src\middlewares\check.js:15:13)
2024-07-09T20:54:01.161Z [ERROR]: Cannot read properties of undefined (reading 'length')
TypeError: Cannot read properties of undefined (reading 'length')
    at D:\work\freelance\duvdu_backend\team-project\src\controllers\project\createProject.controller.ts:17:24
    at Generator.next (<anonymous>)
    at fulfilled (D:\work\freelance\duvdu_backend\team-project\src\controllers\project\createProject.controller.ts:5:58)
    at processTicksAndRejections (node:internal/process/task_queues:95:5)
