2024-06-21T19:39:12.968Z [ERROR]: Cannot read properties of undefined (reading 'attachments')
TypeError: Cannot read properties of undefined (reading 'attachments')
    at D:\work\freelance\duvdu_backend\portfolio-post\src\controllers\projects\createProject.controller.ts:12:65
    at Generator.next (<anonymous>)
    at D:\work\freelance\duvdu_backend\portfolio-post\src\controllers\projects\createProject.controller.ts:8:71
    at new Promise (<anonymous>)
    at __awaiter (D:\work\freelance\duvdu_backend\portfolio-post\src\controllers\projects\createProject.controller.ts:4:12)
    at createProjectHandler (D:\work\freelance\duvdu_backend\portfolio-post\src\controllers\projects\createProject.controller.ts:11:80)
    at newFn (D:\work\freelance\duvdu_backend\portfolio-post\node_modules\express-async-errors\index.js:16:20)
    at Layer.handle [as handle_request] (D:\work\freelance\duvdu_backend\portfolio-post\node_modules\express\lib\router\layer.js:95:5)
    at next (D:\work\freelance\duvdu_backend\portfolio-post\node_modules\express\lib\router\route.js:149:13)
    at Route.dispatch (D:\work\freelance\duvdu_backend\portfolio-post\node_modules\express\lib\router\route.js:119:3)
2024-06-21T19:44:11.846Z [ERROR]: cover is required
Error: cover is required
    at D:\work\freelance\duvdu_backend\portfolio-post\node_modules\@duvdu-v1\duvdu\build\middlewares\check-required-files.middleware.js:20:29
    at newFn (D:\work\freelance\duvdu_backend\portfolio-post\node_modules\express-async-errors\index.js:16:20)
    at Layer.handle [as handle_request] (D:\work\freelance\duvdu_backend\portfolio-post\node_modules\express\lib\router\layer.js:95:5)
    at next (D:\work\freelance\duvdu_backend\portfolio-post\node_modules\express\lib\router\route.js:149:13)
    at done (D:\work\freelance\duvdu_backend\portfolio-post\node_modules\multer\lib\make-middleware.js:45:7)
    at indicateDone (D:\work\freelance\duvdu_backend\portfolio-post\node_modules\multer\lib\make-middleware.js:49:68)
    at Multipart.<anonymous> (D:\work\freelance\duvdu_backend\portfolio-post\node_modules\multer\lib\make-middleware.js:166:7)
    at Multipart.emit (node:events:514:28)
    at Multipart.emit (node:domain:488:12)
    at emitCloseNT (node:internal/streams/destroy:132:10)
2024-06-21T19:44:33.724Z [ERROR]: Field name missing
MulterError: Field name missing
    at abortWithCode (D:\work\freelance\duvdu_backend\portfolio-post\node_modules\multer\lib\make-middleware.js:71:22)
    at Multipart.<anonymous> (D:\work\freelance\duvdu_backend\portfolio-post\node_modules\multer\lib\make-middleware.js:76:37)
    at Multipart.emit (node:events:514:28)
    at Multipart.emit (node:domain:488:12)
    at SBMH.ssCb [as _cb] (D:\work\freelance\duvdu_backend\portfolio-post\node_modules\busboy\lib\types\multipart.js:537:16)
    at feed (D:\work\freelance\duvdu_backend\portfolio-post\node_modules\streamsearch\lib\sbmh.js:219:14)
    at SBMH.push (D:\work\freelance\duvdu_backend\portfolio-post\node_modules\streamsearch\lib\sbmh.js:104:16)
    at Multipart._write (D:\work\freelance\duvdu_backend\portfolio-post\node_modules\busboy\lib\types\multipart.js:567:19)
    at writeOrBuffer (node:internal/streams/writable:556:12)
    at _write (node:internal/streams/writable:490:10)
2024-06-21T19:44:49.659Z [ERROR]: attachments is required
Error: attachments is required
    at D:\work\freelance\duvdu_backend\portfolio-post\node_modules\@duvdu-v1\duvdu\build\middlewares\check-required-files.middleware.js:20:29
    at newFn (D:\work\freelance\duvdu_backend\portfolio-post\node_modules\express-async-errors\index.js:16:20)
    at Layer.handle [as handle_request] (D:\work\freelance\duvdu_backend\portfolio-post\node_modules\express\lib\router\layer.js:95:5)
    at next (D:\work\freelance\duvdu_backend\portfolio-post\node_modules\express\lib\router\route.js:149:13)
    at done (D:\work\freelance\duvdu_backend\portfolio-post\node_modules\multer\lib\make-middleware.js:45:7)
    at indicateDone (D:\work\freelance\duvdu_backend\portfolio-post\node_modules\multer\lib\make-middleware.js:49:68)
    at D:\work\freelance\duvdu_backend\portfolio-post\node_modules\multer\lib\make-middleware.js:155:11
    at WriteStream.<anonymous> (D:\work\freelance\duvdu_backend\portfolio-post\node_modules\multer\storage\disk.js:43:9)
    at WriteStream.emit (node:events:526:35)
    at WriteStream.emit (node:domain:488:12)
2024-06-21T19:45:13.349Z [ERROR]: attachments is required
Error: attachments is required
    at D:\work\freelance\duvdu_backend\portfolio-post\node_modules\@duvdu-v1\duvdu\build\middlewares\check-required-files.middleware.js:20:29
    at newFn (D:\work\freelance\duvdu_backend\portfolio-post\node_modules\express-async-errors\index.js:16:20)
    at Layer.handle [as handle_request] (D:\work\freelance\duvdu_backend\portfolio-post\node_modules\express\lib\router\layer.js:95:5)
    at next (D:\work\freelance\duvdu_backend\portfolio-post\node_modules\express\lib\router\route.js:149:13)
    at done (D:\work\freelance\duvdu_backend\portfolio-post\node_modules\multer\lib\make-middleware.js:45:7)
    at indicateDone (D:\work\freelance\duvdu_backend\portfolio-post\node_modules\multer\lib\make-middleware.js:49:68)
    at D:\work\freelance\duvdu_backend\portfolio-post\node_modules\multer\lib\make-middleware.js:155:11
    at WriteStream.<anonymous> (D:\work\freelance\duvdu_backend\portfolio-post\node_modules\multer\storage\disk.js:43:9)
    at WriteStream.emit (node:events:526:35)
    at WriteStream.emit (node:domain:488:12)
2024-06-21T19:51:41.882Z [ERROR]: validation error
Error: validation error
    at globalValidatorMiddleware (D:\work\freelance\duvdu_backend\portfolio-post\node_modules\@duvdu-v1\duvdu\build\middlewares\global-validator.middleware.js:32:21)
    at newFn (D:\work\freelance\duvdu_backend\portfolio-post\node_modules\express-async-errors\index.js:16:20)
    at Layer.handle [as handle_request] (D:\work\freelance\duvdu_backend\portfolio-post\node_modules\express\lib\router\layer.js:95:5)
    at next (D:\work\freelance\duvdu_backend\portfolio-post\node_modules\express\lib\router\route.js:149:13)
    at middleware (D:\work\freelance\duvdu_backend\portfolio-post\node_modules\express-validator\src\middlewares\check.js:16:13)
    at processTicksAndRejections (node:internal/process/task_queues:95:5)
2024-06-21T19:52:56.743Z [ERROR]: validation error
Error: validation error
    at globalValidatorMiddleware (D:\work\freelance\duvdu_backend\portfolio-post\node_modules\@duvdu-v1\duvdu\build\middlewares\global-validator.middleware.js:32:21)
    at newFn (D:\work\freelance\duvdu_backend\portfolio-post\node_modules\express-async-errors\index.js:16:20)
    at Layer.handle [as handle_request] (D:\work\freelance\duvdu_backend\portfolio-post\node_modules\express\lib\router\layer.js:95:5)
    at next (D:\work\freelance\duvdu_backend\portfolio-post\node_modules\express\lib\router\route.js:149:13)
    at middleware (D:\work\freelance\duvdu_backend\portfolio-post\node_modules\express-validator\src\middlewares\check.js:16:13)
    at processTicksAndRejections (node:internal/process/task_queues:95:5)
2024-06-21T20:31:14.681Z [ERROR]: Cannot read properties of undefined (reading 'map')
TypeError: Cannot read properties of undefined (reading 'map')
    at D:\work\freelance\duvdu_backend\portfolio-post\src\controllers\projects\createProject.controller.ts:21:76
    at Generator.next (<anonymous>)
    at fulfilled (D:\work\freelance\duvdu_backend\portfolio-post\src\controllers\projects\createProject.controller.ts:5:58)
    at processTicksAndRejections (node:internal/process/task_queues:95:5)
2024-06-21T20:33:25.389Z [ERROR]: Cannot read properties of undefined (reading 'map')
TypeError: Cannot read properties of undefined (reading 'map')
    at D:\work\freelance\duvdu_backend\portfolio-post\src\controllers\projects\createProject.controller.ts:21:76
    at Generator.next (<anonymous>)
    at fulfilled (D:\work\freelance\duvdu_backend\portfolio-post\src\controllers\projects\createProject.controller.ts:5:58)
    at processTicksAndRejections (node:internal/process/task_queues:95:5)
2024-06-21T20:36:16.283Z [ERROR]: Cannot read properties of undefined (reading 'map')
TypeError: Cannot read properties of undefined (reading 'map')
    at D:\work\freelance\duvdu_backend\portfolio-post\src\controllers\projects\createProject.controller.ts:21:76
    at Generator.next (<anonymous>)
    at fulfilled (D:\work\freelance\duvdu_backend\portfolio-post\src\controllers\projects\createProject.controller.ts:5:58)
    at processTicksAndRejections (node:internal/process/task_queues:95:5)
2024-06-21T20:37:14.154Z [ERROR]: Cannot read properties of undefined (reading 'map')
TypeError: Cannot read properties of undefined (reading 'map')
    at D:\work\freelance\duvdu_backend\portfolio-post\src\controllers\projects\createProject.controller.ts:21:76
    at Generator.next (<anonymous>)
    at fulfilled (D:\work\freelance\duvdu_backend\portfolio-post\src\controllers\projects\createProject.controller.ts:5:58)
    at processTicksAndRejections (node:internal/process/task_queues:95:5)
2024-06-21T20:38:46.714Z [ERROR]: Cannot read properties of undefined (reading 'map')
TypeError: Cannot read properties of undefined (reading 'map')
    at D:\work\freelance\duvdu_backend\portfolio-post\src\controllers\projects\createProject.controller.ts:21:76
    at Generator.next (<anonymous>)
    at fulfilled (D:\work\freelance\duvdu_backend\portfolio-post\src\controllers\projects\createProject.controller.ts:5:58)
    at processTicksAndRejections (node:internal/process/task_queues:95:5)
2024-06-21T20:39:56.174Z [ERROR]: Cannot read properties of undefined (reading 'map')
TypeError: Cannot read properties of undefined (reading 'map')
    at D:\work\freelance\duvdu_backend\portfolio-post\src\controllers\projects\createProject.controller.ts:21:76
    at Generator.next (<anonymous>)
    at fulfilled (D:\work\freelance\duvdu_backend\portfolio-post\src\controllers\projects\createProject.controller.ts:5:58)
    at processTicksAndRejections (node:internal/process/task_queues:95:5)
2024-06-21T20:42:01.049Z [ERROR]: Invalid tags
Error: Invalid tags
    at D:\work\freelance\duvdu_backend\portfolio-post\src\services\category.service.ts:26:52
    at Generator.next (<anonymous>)
    at fulfilled (D:\work\freelance\duvdu_backend\portfolio-post\src\services\category.service.ts:5:58)
    at processTicksAndRejections (node:internal/process/task_queues:95:5)
2024-06-21T20:42:47.116Z [ERROR]: Invalid tags
Error: Invalid tags
    at D:\work\freelance\duvdu_backend\portfolio-post\src\services\category.service.ts:26:52
    at Generator.next (<anonymous>)
    at fulfilled (D:\work\freelance\duvdu_backend\portfolio-post\src\services\category.service.ts:5:58)
    at processTicksAndRejections (node:internal/process/task_queues:95:5)
2024-06-21T20:58:57.462Z [ERROR]: ENOENT: no such file or directory, unlink 'D:\work\freelance\duvdu_backend\portfolio-post\media\studio-booking\0c515194-3a50-41de-97e7-28878ab1e8a2.jpg'
Error: ENOENT: no such file or directory, unlink 'D:\work\freelance\duvdu_backend\portfolio-post\media\studio-booking\0c515194-3a50-41de-97e7-28878ab1e8a2.jpg'
    at Object.unlinkSync (node:fs:1868:18)
    at D:\work\freelance\duvdu_backend\portfolio-post\node_modules\@duvdu-v1\duvdu\build\utils\file.js:18:26
    at Array.forEach (<anonymous>)
    at Object.removeFiles (D:\work\freelance\duvdu_backend\portfolio-post\node_modules\@duvdu-v1\duvdu\build\utils\file.js:16:15)
    at D:\work\freelance\duvdu_backend\portfolio-post\src\controllers\projects\createProject.controller.ts:38:15
    at Generator.next (<anonymous>)
    at fulfilled (D:\work\freelance\duvdu_backend\portfolio-post\src\controllers\projects\createProject.controller.ts:5:58)
    at processTicksAndRejections (node:internal/process/task_queues:95:5)
